<?xml version="1.0" encoding="UTF-8"?>
<testng-results skipped="0" failed="0" ignored="0" total="2" passed="2">
  <reporter-output>
  </reporter-output>
  <suite name="Command line suite" duration-ms="57" started-at="2018-11-19T02:03:02Z" finished-at="2018-11-19T02:03:02Z">
    <groups>
    </groups>
    <test name="Command line test" duration-ms="57" started-at="2018-11-19T02:03:02Z" finished-at="2018-11-19T02:03:02Z">
      <class name="com.org.learningmaven.myMavenProject.HelloWorldTest">
        <test-method status="PASS" signature="exit()[pri:0, instance:com.org.learningmaven.myMavenProject.HelloWorldTest@60f82f98]" name="exit" duration-ms="17" started-at="2018-11-19T02:03:02Z" finished-at="2018-11-19T02:03:02Z">
          <reporter-output>
          </reporter-output>
        </test-method> <!-- exit -->
        <test-method status="PASS" signature="login()[pri:0, instance:com.org.learningmaven.myMavenProject.HelloWorldTest@60f82f98]" name="login" duration-ms="0" started-at="2018-11-19T02:03:02Z" finished-at="2018-11-19T02:03:02Z">
          <reporter-output>
          </reporter-output>
        </test-method> <!-- login -->
      </class> <!-- com.org.learningmaven.myMavenProject.HelloWorldTest -->
    </test> <!-- Command line test -->
  </suite> <!-- Command line suite -->
</testng-results>
