<?xml version="1.0" encoding="UTF-8"?>
<!-- Generated by org.testng.reporters.JUnitXMLReporter -->
<testsuite hostname="WINDOWS-MPDIPKQ" ignored="0" name="Command line test" tests="2" failures="0" timestamp="19 Nov 2018 02:03:02 GMT" time="0.057" errors="0">
  <testcase name="exit" time="0.017" classname="com.org.learningmaven.myMavenProject.HelloWorldTest"/>
  <testcase name="login" time="0.0" classname="com.org.learningmaven.myMavenProject.HelloWorldTest"/>
</testsuite> <!-- Command line test -->
